[2022-05-21 21:14:57] [connect] WebSocket Connection iostream transport v13 "Mozilla/5.0 (X11; Ubuntu; Linux x86_64; rv:100.0) Gecko/20100101 Firefox/100.0" / 101
[2022-05-21 21:14:57] [frame_header] Dispatching write containing 1 message(s) containing 2 header bytes and 30 payload bytes
[2022-05-21 21:14:57] [frame_header] Header Bytes: 
[0] (2) 81 1E 

[2022-05-21 21:14:57] [frame_payload] Payload Bytes: 
[0] (30) [1] {"data":null,"type":"connect"}

[2022-05-21 21:14:59] [frame_header] Dispatching write containing 1 message(s) containing 2 header bytes and 19 payload bytes
[2022-05-21 21:14:59] [frame_header] Header Bytes: 
[0] (2) 81 13 

[2022-05-21 21:14:59] [frame_payload] Payload Bytes: 
[0] (19) [1] {"lobby_id":"test"}

[2022-05-21 21:15:00] [frame_header] Dispatching write containing 1 message(s) containing 2 header bytes and 19 payload bytes
[2022-05-21 21:15:00] [frame_header] Header Bytes: 
[0] (2) 81 13 

[2022-05-21 21:15:00] [frame_payload] Payload Bytes: 
[0] (19) [1] {"lobby_id":"test"}

[2022-05-21 21:15:01] [frame_header] Dispatching write containing 1 message(s) containing 2 header bytes and 19 payload bytes
[2022-05-21 21:15:01] [frame_header] Header Bytes: 
[0] (2) 81 13 

[2022-05-21 21:15:01] [frame_payload] Payload Bytes: 
[0] (19) [1] {"lobby_id":"test"}

[2022-05-21 21:15:01] [frame_header] Dispatching write containing 1 message(s) containing 2 header bytes and 19 payload bytes
[2022-05-21 21:15:01] [frame_header] Header Bytes: 
[0] (2) 81 13 

[2022-05-21 21:15:01] [frame_payload] Payload Bytes: 
[0] (19) [1] {"lobby_id":"test"}

[2022-05-21 21:15:08] [control] Control frame received with opcode 8
[2022-05-21 21:15:08] [frame_header] Dispatching write containing 1 message(s) containing 2 header bytes and 2 payload bytes
[2022-05-21 21:15:08] [frame_header] Header Bytes: 
[0] (2) 88 02 

[2022-05-21 21:15:08] [frame_payload] Payload Bytes: 
[0] (2) [8] 03 E9 

[2022-05-21 21:15:08] [disconnect] Disconnect close local:[1001] remote:[1001]
